<?xml version="1.0" encoding="UTF-8"?>
<!-- Generated by org.testng.reporters.JUnitReportReporter -->
<testsuite hostname="F3-E1" failures="0" tests="1" name="TestCases" time="0.005" errors="0" timestamp="2024-04-10T09:23:38 CEST" skipped="0">
  <testcase classname="TestCases" name="test1" time="0.005"/>
</testsuite> <!-- TestCases -->
